<?xml version="1.0" encoding="UTF-8"?>
<!-- Generated by org.testng.reporters.JUnitXMLReporter -->
<testsuite ignored="2" hostname="DESKTOP-G4CHANA" failures="3" tests="3" name="Default test(failed)" time="0.1" errors="0" timestamp="2022-06-14T15:43:32 IST">
  <testcase classname="xml_Study.FailedStudy" name="MyMethod1" time="0.019">
    <failure type="java.lang.AssertionError" message="null">
      <![CDATA[java.lang.AssertionError: null
at xml_Study.FailedStudy.MyMethod1(FailedStudy.java:13)
at java.base/java.util.ArrayList.forEach(ArrayList.java:1541)
... Removed 29 stack frames]]>
    </failure>
  </testcase> <!-- MyMethod1 -->
  <testcase classname="xml_Study.FailedStudy" name="MyMethod3" time="0.002">
    <failure type="java.lang.AssertionError" message="null">
      <![CDATA[java.lang.AssertionError: null
at xml_Study.FailedStudy.MyMethod3(FailedStudy.java:24)
at java.base/java.util.ArrayList.forEach(ArrayList.java:1541)
... Removed 29 stack frames]]>
    </failure>
  </testcase> <!-- MyMethod3 -->
  <testcase classname="xml_Study.FailedStudy" name="MyMethod5" time="0.001">
    <failure type="java.lang.AssertionError" message="null">
      <![CDATA[java.lang.AssertionError: null
at xml_Study.FailedStudy.MyMethod5(FailedStudy.java:36)
at java.base/java.util.ArrayList.forEach(ArrayList.java:1541)
... Removed 29 stack frames]]>
    </failure>
  </testcase> <!-- MyMethod5 -->
  <testcase classname="xml_Study.FailedStudy" name="MyMethod2" time="0.0">
    <ignored/>
  </testcase> <!-- MyMethod2 -->
  <testcase classname="xml_Study.FailedStudy" name="MyMethod4" time="0.0">
    <ignored/>
  </testcase> <!-- MyMethod4 -->
</testsuite> <!-- Default test(failed) -->
