<?xml version="1.0" encoding="UTF-8"?>
<!-- Generated by org.testng.reporters.JUnitXMLReporter -->
<testsuite ignored="0" hostname="DESKTOP-G4CHANA" failures="1" tests="4" name="Test" time="0.077" errors="0" timestamp="2022-06-22T14:38:59 IST">
  <testcase classname="testNGListener.Pune" name="shivajiNagr" time="0.013"/>
  <testcase classname="testNGListener.Pune" name="swarGate" time="0.001"/>
  <testcase classname="testNGListener.MumbaiTest" name="Sanpada" time="0.005">
    <failure type="java.lang.AssertionError" message="null">
      <![CDATA[java.lang.AssertionError: null
at testNGListener.MumbaiTest.Sanpada(MumbaiTest.java:19)
at java.base/java.util.ArrayList.forEach(ArrayList.java:1541)
... Removed 29 stack frames]]>
    </failure>
  </testcase> <!-- Sanpada -->
  <testcase classname="testNGListener.MumbaiTest" name="gateWayOfIndia" time="0.002"/>
</testsuite> <!-- Test -->
